<?xml version="1.0" encoding="UTF-8"?>
<testng-results ignored="0" total="3" passed="3" failed="0" skipped="0">
  <reporter-output>
  </reporter-output>
  <suite started-at="2023-01-10T15:57:30 IST" name="Suite" finished-at="2023-01-10T15:58:11 IST" duration-ms="40570">
    <groups>
    </groups>
    <test started-at="2023-01-10T15:57:30 IST" name="Test" finished-at="2023-01-10T15:58:11 IST" duration-ms="40570">
      <class name="app.xuriti.testCases.TC_004_CompanyApproval">
        <test-method is-config="true" signature="setup(java.lang.String)[pri:0, instance:app.xuriti.testCases.TC_004_CompanyApproval@399f45b1]" started-at="2023-01-10T15:57:30 IST" name="setup" finished-at="2023-01-10T15:57:35 IST" duration-ms="5142" status="PASS">
          <params>
            <param index="0">
              <value>
                <![CDATA[chrome]]>
              </value>
            </param>
          </params>
          <reporter-output>
          </reporter-output>
        </test-method> <!-- setup -->
        <test-method signature="adminLoginTest()[pri:1, instance:app.xuriti.testCases.TC_004_CompanyApproval@399f45b1]" started-at="2023-01-10T15:57:35 IST" name="adminLoginTest" finished-at="2023-01-10T15:57:40 IST" duration-ms="4573" status="PASS">
          <reporter-output>
          </reporter-output>
        </test-method> <!-- adminLoginTest -->
        <test-method signature="manageComapniesSection()[pri:2, instance:app.xuriti.testCases.TC_004_CompanyApproval@399f45b1]" started-at="2023-01-10T15:57:40 IST" name="manageComapniesSection" finished-at="2023-01-10T15:57:45 IST" duration-ms="5160" status="PASS">
          <reporter-output>
          </reporter-output>
        </test-method> <!-- manageComapniesSection -->
        <test-method signature="companyApproval()[pri:3, instance:app.xuriti.testCases.TC_004_CompanyApproval@399f45b1]" started-at="2023-01-10T15:57:45 IST" name="companyApproval" finished-at="2023-01-10T15:58:07 IST" duration-ms="21449" status="PASS">
          <reporter-output>
          </reporter-output>
        </test-method> <!-- companyApproval -->
        <test-method is-config="true" signature="tearDown()[pri:0, instance:app.xuriti.testCases.TC_004_CompanyApproval@399f45b1]" started-at="2023-01-10T15:58:07 IST" name="tearDown" finished-at="2023-01-10T15:58:11 IST" duration-ms="4205" status="PASS">
          <reporter-output>
          </reporter-output>
        </test-method> <!-- tearDown -->
      </class> <!-- app.xuriti.testCases.TC_004_CompanyApproval -->
    </test> <!-- Test -->
  </suite> <!-- Suite -->
</testng-results>
