<?xml version="1.0" encoding="UTF-8"?>
<testng-results ignored="0" total="4" passed="4" failed="0" skipped="0">
  <reporter-output>
  </reporter-output>
  <suite started-at="2022-12-30T22:28:41 IST" name="Default suite" finished-at="2022-12-30T22:29:38 IST" duration-ms="57510">
    <groups>
    </groups>
    <test started-at="2022-12-30T22:28:41 IST" name="Default test" finished-at="2022-12-30T22:29:38 IST" duration-ms="57510">
      <class name="app.xuriti.testCases.TC_002_AddNewComapny">
        <test-method is-config="true" signature="setup()[pri:0, instance:app.xuriti.testCases.TC_002_AddNewComapny@16293aa2]" started-at="2022-12-30T22:28:41 IST" name="setup" finished-at="2022-12-30T22:28:48 IST" duration-ms="7615" status="PASS">
          <reporter-output>
          </reporter-output>
        </test-method> <!-- setup -->
        <test-method signature="loginTest()[pri:1, instance:app.xuriti.testCases.TC_002_AddNewComapny@16293aa2]" started-at="2022-12-30T22:28:48 IST" name="loginTest" finished-at="2022-12-30T22:28:55 IST" duration-ms="6841" status="PASS">
          <reporter-output>
          </reporter-output>
        </test-method> <!-- loginTest -->
        <test-method signature="addNewCompanyTest()[pri:2, instance:app.xuriti.testCases.TC_002_AddNewComapny@16293aa2]" started-at="2022-12-30T22:28:55 IST" name="addNewCompanyTest" finished-at="2022-12-30T22:29:06 IST" duration-ms="10723" status="PASS">
          <reporter-output>
          </reporter-output>
        </test-method> <!-- addNewCompanyTest -->
        <test-method is-config="true" signature="tearDown()[pri:0, instance:app.xuriti.testCases.TC_002_AddNewComapny@16293aa2]" started-at="2022-12-30T22:29:06 IST" name="tearDown" finished-at="2022-12-30T22:29:10 IST" duration-ms="4270" status="PASS">
          <reporter-output>
          </reporter-output>
        </test-method> <!-- tearDown -->
      </class> <!-- app.xuriti.testCases.TC_002_AddNewComapny -->
      <class name="app.xuriti.testCases.TC_003_AdminLoginTest">
        <test-method is-config="true" signature="setup()[pri:0, instance:app.xuriti.testCases.TC_003_AdminLoginTest@3a93b025]" started-at="2022-12-30T22:29:10 IST" name="setup" finished-at="2022-12-30T22:29:15 IST" duration-ms="5069" status="PASS">
          <reporter-output>
          </reporter-output>
        </test-method> <!-- setup -->
        <test-method signature="AdminLoginTest()[pri:3, instance:app.xuriti.testCases.TC_003_AdminLoginTest@3a93b025]" started-at="2022-12-30T22:29:15 IST" name="AdminLoginTest" finished-at="2022-12-30T22:29:17 IST" duration-ms="1652" status="PASS">
          <reporter-output>
          </reporter-output>
        </test-method> <!-- AdminLoginTest -->
        <test-method is-config="true" signature="tearDown()[pri:0, instance:app.xuriti.testCases.TC_003_AdminLoginTest@3a93b025]" started-at="2022-12-30T22:29:17 IST" name="tearDown" finished-at="2022-12-30T22:29:21 IST" duration-ms="4260" status="PASS">
          <reporter-output>
          </reporter-output>
        </test-method> <!-- tearDown -->
      </class> <!-- app.xuriti.testCases.TC_003_AdminLoginTest -->
      <class name="app.xuriti.testCases.TC_001_LoginTest">
        <test-method is-config="true" signature="setup()[pri:0, instance:app.xuriti.testCases.TC_001_LoginTest@35cabb2a]" started-at="2022-12-30T22:29:21 IST" name="setup" finished-at="2022-12-30T22:29:26 IST" duration-ms="5268" status="PASS">
          <reporter-output>
          </reporter-output>
        </test-method> <!-- setup -->
        <test-method signature="loginTest()[pri:0, instance:app.xuriti.testCases.TC_001_LoginTest@35cabb2a]" started-at="2022-12-30T22:29:26 IST" name="loginTest" finished-at="2022-12-30T22:29:34 IST" duration-ms="7363" status="PASS">
          <reporter-output>
          </reporter-output>
        </test-method> <!-- loginTest -->
        <test-method is-config="true" signature="tearDown()[pri:0, instance:app.xuriti.testCases.TC_001_LoginTest@35cabb2a]" started-at="2022-12-30T22:29:34 IST" name="tearDown" finished-at="2022-12-30T22:29:38 IST" duration-ms="4362" status="PASS">
          <reporter-output>
          </reporter-output>
        </test-method> <!-- tearDown -->
      </class> <!-- app.xuriti.testCases.TC_001_LoginTest -->
    </test> <!-- Default test -->
  </suite> <!-- Default suite -->
</testng-results>
