<?xml version="1.0" encoding="UTF-8"?>
<!-- Generated by org.testng.reporters.JUnitXMLReporter -->
<testsuite ignored="0" hostname="Avishek" failures="0" tests="4" name="Default test" time="57.51" errors="0" timestamp="2022-12-30T22:29:38 IST">
  <testcase classname="app.xuriti.testCases.TC_002_AddNewComapny" name="loginTest" time="6.841"/>
  <testcase classname="app.xuriti.testCases.TC_002_AddNewComapny" name="addNewCompanyTest" time="10.723"/>
  <testcase classname="app.xuriti.testCases.TC_003_AdminLoginTest" name="AdminLoginTest" time="1.652"/>
  <testcase classname="app.xuriti.testCases.TC_001_LoginTest" name="loginTest" time="7.363"/>
</testsuite> <!-- Default test -->
